kotlin version: 2.0.21
error message: org.jetbrains.kotlin.backend.common.BackendException: Backend Internal error: Exception during IR lowering
File being compiled: C:/Users/24790/AndroidStudioProjects/ChatExtend/app/src/main/java/com/zoup/android/chatextend/ChatScreen.kt
The root cause java.lang.RuntimeException was thrown at: org.jetbrains.kotlin.backend.jvm.codegen.FunctionCodegen.generate(FunctionCodegen.kt:47)
	at org.jetbrains.kotlin.backend.common.CodegenUtil.reportBackendException(CodegenUtil.kt:253)
	at org.jetbrains.kotlin.backend.common.CodegenUtil.reportBackendException$default(CodegenUtil.kt:236)
	at org.jetbrains.kotlin.backend.common.phaser.PerformByIrFilePhase.invokeSequential(performByIrFile.kt:65)
	at org.jetbrains.kotlin.backend.common.phaser.PerformByIrFilePhase.invoke(performByIrFile.kt:52)
	at org.jetbrains.kotlin.backend.common.phaser.PerformByIrFilePhase.invoke(performByIrFile.kt:38)
	at org.jetbrains.kotlin.backend.common.phaser.NamedCompilerPhase.phaseBody(CompilerPhase.kt:166)
	at org.jetbrains.kotlin.backend.common.phaser.AbstractNamedCompilerPhase.invoke(CompilerPhase.kt:113)
	at org.jetbrains.kotlin.backend.common.phaser.CompositePhase.invoke(PhaseBuilders.kt:27)
	at org.jetbrains.kotlin.backend.common.phaser.CompositePhase.invoke(PhaseBuilders.kt:14)
	at org.jetbrains.kotlin.backend.common.phaser.NamedCompilerPhase.phaseBody(CompilerPhase.kt:166)
	at org.jetbrains.kotlin.backend.common.phaser.AbstractNamedCompilerPhase.invoke(CompilerPhase.kt:113)
	at org.jetbrains.kotlin.backend.common.phaser.CompilerPhaseKt.invokeToplevel(CompilerPhase.kt:62)
	at org.jetbrains.kotlin.backend.jvm.JvmIrCodegenFactory.invokeCodegen(JvmIrCodegenFactory.kt:371)
	at org.jetbrains.kotlin.codegen.CodegenFactory.generateModule(CodegenFactory.kt:47)
	at org.jetbrains.kotlin.backend.jvm.JvmIrCodegenFactory.generateModuleInFrontendIRMode(JvmIrCodegenFactory.kt:433)
	at org.jetbrains.kotlin.cli.jvm.compiler.pipeline.JvmCompilerPipelineKt.generateCodeFromIr(jvmCompilerPipeline.kt:246)
	at org.jetbrains.kotlin.cli.jvm.compiler.pipeline.JvmCompilerPipelineKt.compileModulesUsingFrontendIrAndLightTree(jvmCompilerPipeline.kt:142)
	at org.jetbrains.kotlin.cli.jvm.K2JVMCompiler.doExecute(K2JVMCompiler.kt:148)
	at org.jetbrains.kotlin.cli.jvm.K2JVMCompiler.doExecute(K2JVMCompiler.kt:43)
	at org.jetbrains.kotlin.cli.common.CLICompiler.execImpl(CLICompiler.kt:103)
	at org.jetbrains.kotlin.cli.common.CLICompiler.execImpl(CLICompiler.kt:49)
	at org.jetbrains.kotlin.cli.common.CLITool.exec(CLITool.kt:101)
	at org.jetbrains.kotlin.incremental.IncrementalJvmCompilerRunner.runCompiler(IncrementalJvmCompilerRunner.kt:464)
	at org.jetbrains.kotlin.incremental.IncrementalJvmCompilerRunner.runCompiler(IncrementalJvmCompilerRunner.kt:73)
	at org.jetbrains.kotlin.incremental.IncrementalCompilerRunner.doCompile(IncrementalCompilerRunner.kt:506)
	at org.jetbrains.kotlin.incremental.IncrementalCompilerRunner.compileImpl(IncrementalCompilerRunner.kt:423)
	at org.jetbrains.kotlin.incremental.IncrementalCompilerRunner.tryCompileIncrementally$lambda$9$compile(IncrementalCompilerRunner.kt:249)
	at org.jetbrains.kotlin.incremental.IncrementalCompilerRunner.tryCompileIncrementally(IncrementalCompilerRunner.kt:267)
	at org.jetbrains.kotlin.incremental.IncrementalCompilerRunner.compile(IncrementalCompilerRunner.kt:120)
	at org.jetbrains.kotlin.daemon.CompileServiceImplBase.execIncrementalCompiler(CompileServiceImpl.kt:675)
	at org.jetbrains.kotlin.daemon.CompileServiceImplBase.access$execIncrementalCompiler(CompileServiceImpl.kt:92)
	at org.jetbrains.kotlin.daemon.CompileServiceImpl.compile(CompileServiceImpl.kt:1660)
	at java.base/jdk.internal.reflect.DirectMethodHandleAccessor.invoke(Unknown Source)
	at java.base/java.lang.reflect.Method.invoke(Unknown Source)
	at java.rmi/sun.rmi.server.UnicastServerRef.dispatch(Unknown Source)
	at java.rmi/sun.rmi.transport.Transport$1.run(Unknown Source)
	at java.rmi/sun.rmi.transport.Transport$1.run(Unknown Source)
	at java.base/java.security.AccessController.doPrivileged(Unknown Source)
	at java.rmi/sun.rmi.transport.Transport.serviceCall(Unknown Source)
	at java.rmi/sun.rmi.transport.tcp.TCPTransport.handleMessages(Unknown Source)
	at java.rmi/sun.rmi.transport.tcp.TCPTransport$ConnectionHandler.run0(Unknown Source)
	at java.rmi/sun.rmi.transport.tcp.TCPTransport$ConnectionHandler.lambda$run$0(Unknown Source)
	at java.base/java.security.AccessController.doPrivileged(Unknown Source)
	at java.rmi/sun.rmi.transport.tcp.TCPTransport$ConnectionHandler.run(Unknown Source)
	at java.base/java.util.concurrent.ThreadPoolExecutor.runWorker(Unknown Source)
	at java.base/java.util.concurrent.ThreadPoolExecutor$Worker.run(Unknown Source)
	at java.base/java.lang.Thread.run(Unknown Source)
Caused by: java.lang.RuntimeException: Exception while generating code for:
FUN name:ChatScreen visibility:public modality:FINAL <> (viewModel:com.zoup.android.chatextend.ChatViewModel, modifier:androidx.compose.ui.Modifier) returnType:kotlin.Unit
  annotations:
    OptIn(markerClass = [CLASS_REFERENCE 'CLASS IR_EXTERNAL_DECLARATION_STUB ANNOTATION_CLASS name:ExperimentalMaterial3Api modality:OPEN visibility:public superTypes:[kotlin.Annotation]' type=kotlin.reflect.KClass<androidx.compose.material3.ExperimentalMaterial3Api>])
    Composable
  VALUE_PARAMETER name:viewModel index:0 type:com.zoup.android.chatextend.ChatViewModel
  VALUE_PARAMETER name:modifier index:1 type:androidx.compose.ui.Modifier
    EXPRESSION_BODY
      ERROR_EXPR 'Default Stub' type=androidx.compose.ui.Modifier
  BLOCK_BODY
    VAR PROPERTY_DELEGATE name:chatState$delegate type:androidx.compose.runtime.State<com.zoup.android.chatextend.ChatViewModel.ChatState> [val]
      TYPE_OP type=androidx.compose.runtime.State<com.zoup.android.chatextend.ChatViewModel.ChatState> origin=IMPLICIT_CAST typeOperand=androidx.compose.runtime.State<com.zoup.android.chatextend.ChatViewModel.ChatState>
        CALL 'public final fun collectAsState$default <T> (context: kotlin.coroutines.CoroutineContext?, $mask0: kotlin.Int, $handler: kotlin.Any?): androidx.compose.runtime.State<T of androidx.compose.runtime.SnapshotStateKt.collectAsState$default> declared in androidx.compose.runtime.SnapshotStateKt' type=androidx.compose.runtime.State<T of androidx.compose.runtime.SnapshotStateKt.collectAsState$default> origin=DEFAULT_DISPATCH_CALL
          <T>: com.zoup.android.chatextend.ChatViewModel.ChatState
          $receiver: CALL 'public final fun <get-chatState> (): kotlinx.coroutines.flow.StateFlow<com.zoup.android.chatextend.ChatViewModel.ChatState> declared in com.zoup.android.chatextend.ChatViewModel' type=kotlinx.coroutines.flow.StateFlow<com.zoup.android.chatextend.ChatViewModel.ChatState> origin=GET_PROPERTY
            $this: GET_VAR 'viewModel: com.zoup.android.chatextend.ChatViewModel declared in com.zoup.android.chatextend.ChatScreenKt.ChatScreen' type=com.zoup.android.chatextend.ChatViewModel origin=null
          context: COMPOSITE type=kotlin.coroutines.CoroutineContext? origin=DEFAULT_VALUE
            CONST Null type=kotlin.coroutines.CoroutineContext? value=null
          $mask0: CONST Int type=kotlin.Int value=1
          $handler: CONST Null type=kotlin.Any? value=null
    VAR name:lazyListState type:androidx.compose.foundation.lazy.LazyListState [val]
      CALL 'public final fun rememberLazyListState$default (initialFirstVisibleItemIndex: kotlin.Int, initialFirstVisibleItemScrollOffset: kotlin.Int, $mask0: kotlin.Int, $handler: kotlin.Any?): androidx.compose.foundation.lazy.LazyListState declared in androidx.compose.foundation.lazy.LazyListStateKt' type=androidx.compose.foundation.lazy.LazyListState origin=DEFAULT_DISPATCH_CALL
        initialFirstVisibleItemIndex: COMPOSITE type=kotlin.Int origin=DEFAULT_VALUE
          CONST Int type=kotlin.Int value=0
        initialFirstVisibleItemScrollOffset: COMPOSITE type=kotlin.Int origin=DEFAULT_VALUE
          CONST Int type=kotlin.Int value=0
        $mask0: CONST Int type=kotlin.Int value=3
        $handler: CONST Null type=kotlin.Any? value=null
    VAR name:context type:android.content.Context [val]
      CALL 'public final fun <get-current> (): T of androidx.compose.runtime.CompositionLocal [inline] declared in androidx.compose.runtime.CompositionLocal' type=android.content.Context origin=GET_PROPERTY
        $this: TYPE_OP type=androidx.compose.runtime.CompositionLocal<T of androidx.compose.runtime.CompositionLocal> origin=IMPLICIT_CAST typeOperand=androidx.compose.runtime.CompositionLocal<T of androidx.compose.runtime.CompositionLocal>
          CALL 'public final fun <get-LocalContext> (): androidx.compose.runtime.ProvidableCompositionLocal<android.content.Context> declared in androidx.compose.ui.platform.AndroidCompositionLocals_androidKt' type=androidx.compose.runtime.ProvidableCompositionLocal<android.content.Context> origin=GET_PROPERTY
    VAR name:markwon type:io.noties.markwon.Markwon [val]
      BLOCK type=io.noties.markwon.Markwon origin=null
        VAR IR_TEMPORARY_VARIABLE name:tmp0 type:kotlin.Any? [val]
          CALL 'public final fun remember <T> (calculation: @[DisallowComposableCalls] kotlin.Function0<T of androidx.compose.runtime.ComposablesKt.remember>): T of androidx.compose.runtime.ComposablesKt.remember [inline] declared in androidx.compose.runtime.ComposablesKt' type=@[EnhancedNullability] io.noties.markwon.Markwon origin=null
            <T>: @[EnhancedNullability] io.noties.markwon.Markwon
            calculation: BLOCK type=kotlin.Function0<@[EnhancedNullability] io.noties.markwon.Markwon> origin=LAMBDA
              COMPOSITE type=kotlin.Unit origin=null
              FUNCTION_REFERENCE 'private final fun ChatScreen$lambda$1 ($context: android.content.Context): @[EnhancedNullability] io.noties.markwon.Markwon declared in com.zoup.android.chatextend.ChatScreenKt' type=kotlin.Function0<@[EnhancedNullability] io.noties.markwon.Markwon> origin=INLINE_LAMBDA reflectionTarget=null
                $context: GET_VAR 'val context: android.content.Context [val] declared in com.zoup.android.chatextend.ChatScreenKt.ChatScreen' type=android.content.Context origin=null
        CALL 'public final fun checkNotNullExpressionValue (value: kotlin.Any?, expression: kotlin.String): kotlin.Unit declared in kotlin.jvm.internal.Intrinsics' type=kotlin.Unit origin=null
          value: GET_VAR 'val tmp0: kotlin.Any? [val] declared in com.zoup.android.chatextend.ChatScreenKt.ChatScreen' type=kotlin.Any? origin=null
          expression: CONST String type=kotlin.String value="remember(...)"
        GET_VAR 'val tmp0: kotlin.Any? [val] declared in com.zoup.android.chatextend.ChatScreenKt.ChatScreen' type=kotlin.Any? origin=null
    CALL 'public final fun LaunchedEffect (key1: kotlin.Any?, block: @[ExtensionFunctionType] kotlin.coroutines.SuspendFunction1<kotlinx.coroutines.CoroutineScope, kotlin.Unit>): kotlin.Unit declared in androidx.compose.runtime.EffectsKt' type=kotlin.Unit origin=null
      key1: CALL 'public abstract fun <get-size> (): kotlin.Int declared in kotlin.collections.List' type=kotlin.Int origin=GET_PROPERTY
        $this: CALL 'public final fun <get-messages> (): kotlin.collections.List<<root>.ChatMessage> declared in com.zoup.android.chatextend.ChatViewModel.ChatState' type=kotlin.collections.List<<root>.ChatMessage> origin=GET_PROPERTY
          $this: CALL 'private final fun ChatScreen$lambda$0 ($chatState$delegate: androidx.compose.runtime.State<com.zoup.android.chatextend.ChatViewModel.ChatState>): com.zoup.android.chatextend.ChatViewModel.ChatState declared in com.zoup.android.chatextend.ChatScreenKt' type=com.zoup.android.chatextend.ChatViewModel.ChatState origin=GET_LOCAL_PROPERTY
            $chatState$delegate: GET_VAR 'val chatState$delegate: androidx.compose.runtime.State<com.zoup.android.chatextend.ChatViewModel.ChatState> [val] declared in com.zoup.android.chatextend.ChatScreenKt.ChatScreen' type=androidx.compose.runtime.State<com.zoup.android.chatextend.ChatViewModel.ChatState> origin=null
      block: BLOCK type=com.zoup.android.chatextend.ChatScreenKt.ChatScreen.<no name provided> origin=null
        CLASS SUSPEND_LAMBDA CLASS name:<no name provided> modality:FINAL visibility:public/*package*/ superTypes:[kotlin.coroutines.jvm.internal.SuspendLambda; kotlin.jvm.functions.Function2<kotlinx.coroutines.CoroutineScope, kotlin.coroutines.Continuation<kotlin.Unit>?, kotlin.Any?>]
          $this: VALUE_PARAMETER INSTANCE_RECEIVER name:<this> type:com.zoup.android.chatextend.ChatScreenKt.ChatScreen.<no name provided>
          FIELD name:label type:kotlin.Int visibility:public/*package*/
          CONSTRUCTOR SUSPEND_LAMBDA visibility:public/*package*/ <> ($lazyListState:androidx.compose.foundation.lazy.LazyListState, $chatState$delegate:androidx.compose.runtime.State<com.zoup.android.chatextend.ChatViewModel.ChatState>, $completion:kotlin.coroutines.Continuation<com.zoup.android.chatextend.ChatScreenKt.ChatScreen.<no name provided>>?) returnType:com.zoup.android.chatextend.ChatScreenKt.ChatScreen.<no name provided> [primary]
            VALUE_PARAMETER BOUND_VALUE_PARAMETER name:$lazyListState index:0 type:androidx.compose.foundation.lazy.LazyListState
            VALUE_PARAMETER BOUND_VALUE_PARAMETER name:$chatState$delegate index:1 type:androidx.compose.runtime.State<com.zoup.android.chatextend.ChatViewModel.ChatState>
            VALUE_PARAMETER name:$completion index:2 type:kotlin.coroutines.Continuation<com.zoup.android.chatextend.ChatScreenKt.ChatScreen.<no name provided>>?
            BLOCK_BODY
              SET_FIELD 'FIELD FIELD_FOR_CAPTURED_VALUE name:$lazyListState type:androidx.compose.foundation.lazy.LazyListState visibility:public/*package*/ [final] declared in com.zoup.android.chatextend.ChatScreenKt.ChatScreen.<no name provided>' type=kotlin.Unit origin=INITIALIZER_OF_FIELD_FOR_CAPTURED_VALUE
                receiver: GET_VAR '<this>: com.zoup.android.chatextend.ChatScreenKt.ChatScreen.<no name provided> declared in com.zoup.android.chatextend.ChatScreenKt.ChatScreen.<no name provided>' type=com.zoup.android.chatextend.ChatScreenKt.ChatScreen.<no name provided> origin=null
                value: GET_VAR '$lazyListState: androidx.compose.foundation.lazy.LazyListState declared in com.zoup.android.chatextend.ChatScreenKt.ChatScreen.<no name provided>.<init>' type=androidx.compose.foundation.lazy.LazyListState origin=null
              SET_FIELD 'FIELD FIELD_FOR_CAPTURED_VALUE name:$chatState$delegate type:androidx.compose.runtime.State<com.zoup.android.chatextend.ChatViewModel.ChatState> visibility:public/*package*/ [final] declared in com.zoup.android.chatextend.ChatScreenKt.ChatScreen.<no name provided>' type=kotlin.Unit origin=INITIALIZER_OF_FIELD_FOR_CAPTURED_VALUE
                receiver: GET_VAR '<this>: com.zoup.android.chatextend.ChatScreenKt.ChatScreen.<no name provided> declared in com.zoup.android.chatextend.ChatScreenKt.ChatScreen.<no name provided>' type=com.zoup.android.chatextend.ChatScreenKt.ChatScreen.<no name provided> origin=null
                value: GET_VAR '$chatState$delegate: androidx.compose.runtime.State<com.zoup.android.chatextend.ChatViewModel.ChatState> declared in com.zoup.android.chatextend.ChatScreenKt.ChatScreen.<no name provided>.<init>' type=androidx.compose.runtime.State<com.zoup.android.chatextend.ChatViewModel.ChatState> origin=null
              DELEGATING_CONSTRUCTOR_CALL 'public constructor <init> (arity: kotlin.Int, $completion: kotlin.coroutines.Continuation<kotlin.Any?>?) declared in kotlin.coroutines.jvm.internal.SuspendLambda'
                arity: CONST Int type=kotlin.Int value=2
                $completion: GET_VAR '$completion: kotlin.coroutines.Continuation<com.zoup.android.chatextend.ChatScreenKt.ChatScreen.<no name provided>>? declared in com.zoup.android.chatextend.ChatScreenKt.ChatScreen.<no name provided>.<init>' type=kotlin.coroutines.Continuation<com.zoup.android.chatextend.ChatScreenKt.ChatScreen.<no name provided>>? origin=null
              BLOCK type=kotlin.Unit origin=null
          FUN name:invokeSuspend visibility:public modality:FINAL <> ($this:com.zoup.android.chatextend.ChatScreenKt.ChatScreen.<no name provided>, $result:kotlin.Result<kotlin.Any?>) returnType:kotlin.Any?
            overridden:
              protected abstract fun invokeSuspend ($result: kotlin.Result<kotlin.Any?>): kotlin.Any? declared in kotlin.coroutines.jvm.internal.SuspendLambda
            $this: VALUE_PARAMETER INSTANCE_RECEIVER name:<this> type:com.zoup.android.chatextend.ChatScreenKt.ChatScreen.<no name provided>
            VALUE_PARAMETER name:$result index:0 type:kotlin.Result<kotlin.Any?>
            BLOCK_BODY
              WHEN type=kotlin.Unit origin=IF
                BRANCH
                  if: CALL 'public final fun isNotEmpty <T> (): kotlin.Boolean [inline] declared in kotlin.collections.CollectionsKt' type=kotlin.Boolean origin=null
                    <T>: <root>.ChatMessage
                    $receiver: CALL 'public final fun <get-messages> (): kotlin.collections.List<<root>.ChatMessage> declared in com.zoup.android.chatextend.ChatViewModel.ChatState' type=kotlin.collections.List<<root>.ChatMessage> origin=GET_PROPERTY
                      $this: CALL 'public final fun access$ChatScreen$lambda$0 ($chatState$delegate: androidx.compose.runtime.State<com.zoup.android.chatextend.ChatViewModel.ChatState>): com.zoup.android.chatextend.ChatViewModel.ChatState declared in com.zoup.android.chatextend.ChatScreenKt' type=com.zoup.android.chatextend.ChatViewModel.ChatState origin=GET_LOCAL_PROPERTY
                        $chatState$delegate: GET_FIELD 'FIELD FIELD_FOR_CAPTURED_VALUE name:$chatState$delegate type:androidx.compose.runtime.State<com.zoup.android.chatextend.ChatViewModel.ChatState> visibility:public/*package*/ [final] declared in com.zoup.android.chatextend.ChatScreenKt.ChatScreen.<no name provided>' type=androidx.compose.runtime.State<com.zoup.android.chatextend.ChatViewModel.ChatState> origin=null
                          receiver: GET_VAR '<this>: com.zoup.android.chatextend.ChatScreenKt.ChatScreen.<no name provided> declared in com.zoup.android.chatextend.ChatScreenKt.ChatScreen.<no name provided>.invokeSuspend' type=com.zoup.android.chatextend.ChatScreenKt.ChatScreen.<no name provided> origin=null
                  then: BLOCK type=kotlin.Unit origin=null
                    CALL 'public final fun animateScrollToItem$default ($this: androidx.compose.foundation.lazy.LazyListState, index: kotlin.Int, scrollOffset: kotlin.Int, $completion: kotlin.coroutines.Continuation<kotlin.Unit>, $mask0: kotlin.Int, $handler: kotlin.Any?): kotlin.Any? [suspend] declared in androidx.compose.foundation.lazy.LazyListState' type=kotlin.Unit origin=DEFAULT_DISPATCH_CALL
                      $this: GET_FIELD 'FIELD FIELD_FOR_CAPTURED_VALUE name:$lazyListState type:androidx.compose.foundation.lazy.LazyListState visibility:public/*package*/ [final] declared in com.zoup.android.chatextend.ChatScreenKt.ChatScreen.<no name provided>' type=androidx.compose.foundation.lazy.LazyListState origin=null
                        receiver: GET_VAR '<this>: com.zoup.android.chatextend.ChatScreenKt.ChatScreen.<no name provided> declared in com.zoup.android.chatextend.ChatScreenKt.ChatScreen.<no name provided>.invokeSuspend' type=com.zoup.android.chatextend.ChatScreenKt.ChatScreen.<no name provided> origin=null
                      index: CALL 'public final fun minus (other: kotlin.Int): kotlin.Int [operator] declared in kotlin.Int' type=kotlin.Int origin=MINUS
                        $this: CALL 'public abstract fun <get-size> (): kotlin.Int declared in kotlin.collections.List' type=kotlin.Int origin=GET_PROPERTY
                          $this: CALL 'public final fun <get-messages> (): kotlin.collections.List<<root>.ChatMessage> declared in com.zoup.android.chatextend.ChatViewModel.ChatState' type=kotlin.collections.List<<root>.ChatMessage> origin=GET_PROPERTY
                            $this: CALL 'public final fun access$ChatScreen$lambda$0 ($chatState$delegate: androidx.compose.runtime.State<com.zoup.android.chatextend.ChatViewModel.ChatState>): com.zoup.android.chatextend.ChatViewModel.ChatState declared in com.zoup.android.chatextend.ChatScreenKt' type=com.zoup.android.chatextend.ChatViewModel.ChatState origin=GET_LOCAL_PROPERTY
                              $chatState$delegate: GET_FIELD 'FIELD FIELD_FOR_CAPTURED_VALUE name:$chatState$delegate type:androidx.compose.runtime.State<com.zoup.android.chatextend.ChatViewModel.ChatState> visibility:public/*package*/ [final] declared in com.zoup.android.chatextend.ChatScreenKt.ChatScreen.<no name provided>' type=androidx.compose.runtime.State<com.zoup.android.chatextend.ChatViewModel.ChatState> origin=null
                                receiver: GET_VAR '<this>: com.zoup.android.chatextend.ChatScreenKt.ChatScreen.<no name provided> declared in com.zoup.android.chatextend.ChatScreenKt.ChatScreen.<no name provided>.invokeSuspend' type=com.zoup.android.chatextend.ChatScreenKt.ChatScreen.<no name provided> origin=null
                        other: CONST Int type=kotlin.Int value=1
                      scrollOffset: COMPOSITE type=kotlin.Int origin=DEFAULT_VALUE
                        CONST Int type=kotlin.Int value=0
                      $completion: GET_VAR '<this>: com.zoup.android.chatextend.ChatScreenKt.ChatScreen.<no name provided> declared in com.zoup.android.chatextend.ChatScreenKt.ChatScreen.<no name provided>.invokeSuspend' type=com.zoup.android.chatextend.ChatScreenKt.ChatScreen.<no name provided> origin=null
                      $mask0: CONST Int type=kotlin.Int value=2
                      $handler: CONST Null type=kotlin.Any? value=null
          FUN name:create visibility:public modality:FINAL <> ($this:com.zoup.android.chatextend.ChatScreenKt.ChatScreen.<no name provided>, value:kotlin.Any?, $completion:kotlin.coroutines.Continuation<kotlin.Nothing>) returnType:kotlin.coroutines.Continuation<kotlin.Unit>
            overridden:
              public open fun create (value: kotlin.Any?, $completion: kotlin.coroutines.Continuation<kotlin.Nothing>): kotlin.coroutines.Continuation<kotlin.Unit> declared in kotlin.coroutines.jvm.internal.SuspendLambda
            $this: VALUE_PARAMETER INSTANCE_RECEIVER name:<this> type:com.zoup.android.chatextend.ChatScreenKt.ChatScreen.<no name provided>
            VALUE_PARAMETER name:value index:0 type:kotlin.Any?
            VALUE_PARAMETER name:$completion index:1 type:kotlin.coroutines.Continuation<kotlin.Nothing>
            BLOCK_BODY
              RETURN type=kotlin.Nothing from='public final fun create (value: kotlin.Any?, $completion: kotlin.coroutines.Continuation<kotlin.Nothing>): kotlin.coroutines.Continuation<kotlin.Unit> declared in com.zoup.android.chatextend.ChatScreenKt.ChatScreen.<no name provided>'
                CONSTRUCTOR_CALL 'public/*package*/ constructor <init> ($lazyListState: androidx.compose.foundation.lazy.LazyListState, $chatState$delegate: androidx.compose.runtime.State<com.zoup.android.chatextend.ChatViewModel.ChatState>, $completion: kotlin.coroutines.Continuation<com.zoup.android.chatextend.ChatScreenKt.ChatScreen.<no name provided>>?) [primary] declared in com.zoup.android.chatextend.ChatScreenKt.ChatScreen.<no name provided>' type=com.zoup.android.chatextend.ChatScreenKt.ChatScreen.<no name provided> origin=null
                  $lazyListState: GET_FIELD 'FIELD FIELD_FOR_CAPTURED_VALUE name:$lazyListState type:androidx.compose.foundation.lazy.LazyListState visibility:public/*package*/ [final] declared in com.zoup.android.chatextend.ChatScreenKt.ChatScreen.<no name provided>' type=androidx.compose.foundation.lazy.LazyListState origin=null
                    receiver: GET_VAR '<this>: com.zoup.android.chatextend.ChatScreenKt.ChatScreen.<no name provided> declared in com.zoup.android.chatextend.ChatScreenKt.ChatScreen.<no name provided>.create' type=com.zoup.android.chatextend.ChatScreenKt.ChatScreen.<no name provided> origin=null
                  $chatState$delegate: GET_FIELD 'FIELD FIELD_FOR_CAPTURED_VALUE name:$chatState$delegate type:androidx.compose.runtime.State<com.zoup.android.chatextend.ChatViewModel.ChatState> visibility:public/*package*/ [final] declared in com.zoup.android.chatextend.ChatScreenKt.ChatScreen.<no name provided>' type=androidx.compose.runtime.State<com.zoup.android.chatextend.ChatViewModel.ChatState> origin=null
                    receiver: GET_VAR '<this>: com.zoup.android.chatextend.ChatScreenKt.ChatScreen.<no name provided> declared in com.zoup.android.chatextend.ChatScreenKt.ChatScreen.<no name provided>.create' type=com.zoup.android.chatextend.ChatScreenKt.ChatScreen.<no name provided> origin=null
                  $completion: GET_VAR '$completion: kotlin.coroutines.Continuation<kotlin.Nothing> declared in com.zoup.android.chatextend.ChatScreenKt.ChatScreen.<no name provided>.create' type=kotlin.coroutines.Continuation<kotlin.Nothing> origin=null
          FUN name:invoke visibility:public modality:FINAL <> ($this:com.zoup.android.chatextend.ChatScreenKt.ChatScreen.<no name provided>, p1:kotlinx.coroutines.CoroutineScope, p2:kotlin.coroutines.Continuation<kotlin.Unit>?) returnType:kotlin.Any?
            overridden:
              public abstract fun invoke (p1: P1 of kotlin.jvm.functions.Function2, p2: P2 of kotlin.jvm.functions.Function2): R of kotlin.jvm.functions.Function2 declared in kotlin.jvm.functions.Function2
            $this: VALUE_PARAMETER INSTANCE_RECEIVER name:<this> type:com.zoup.android.chatextend.ChatScreenKt.ChatScreen.<no name provided>
            VALUE_PARAMETER name:p1 index:0 type:kotlinx.coroutines.CoroutineScope
            VALUE_PARAMETER name:p2 index:1 type:kotlin.coroutines.Continuation<kotlin.Unit>?
            BLOCK_BODY
              RETURN type=kotlin.Nothing from='public final fun invoke (p1: kotlinx.coroutines.CoroutineScope, p2: kotlin.coroutines.Continuation<kotlin.Unit>?): kotlin.Any? declared in com.zoup.android.chatextend.ChatScreenKt.ChatScreen.<no name provided>'
                CALL 'public final fun invokeSuspend ($result: kotlin.Result<kotlin.Any?>): kotlin.Any? declared in com.zoup.android.chatextend.ChatScreenKt.ChatScreen.<no name provided>' type=kotlin.Any? origin=null
                  $this: TYPE_OP type=com.zoup.android.chatextend.ChatScreenKt.ChatScreen.<no name provided> origin=IMPLICIT_CAST typeOperand=com.zoup.android.chatextend.ChatScreenKt.ChatScreen.<no name provided>
                    CALL 'public final fun create (value: kotlin.Any?, $completion: kotlin.coroutines.Continuation<kotlin.Nothing>): kotlin.coroutines.Continuation<kotlin.Unit> declared in com.zoup.android.chatextend.ChatScreenKt.ChatScreen.<no name provided>' type=kotlin.coroutines.Continuation<kotlin.Unit> origin=null
                      $this: GET_VAR '<this>: com.zoup.android.chatextend.ChatScreenKt.ChatScreen.<no name provided> declared in com.zoup.android.chatextend.ChatScreenKt.ChatScreen.<no name provided>.invoke' type=com.zoup.android.chatextend.ChatScreenKt.ChatScreen.<no name provided> origin=null
                      value: GET_VAR 'p1: kotlinx.coroutines.CoroutineScope declared in com.zoup.android.chatextend.ChatScreenKt.ChatScreen.<no name provided>.invoke' type=kotlinx.coroutines.CoroutineScope origin=null
                      $completion: GET_VAR 'p2: kotlin.coroutines.Continuation<kotlin.Unit>? declared in com.zoup.android.chatextend.ChatScreenKt.ChatScreen.<no name provided>.invoke' type=kotlin.coroutines.Continuation<kotlin.Unit>? origin=null
                  $result: CALL 'public final fun <unsafe-coerce> <T, R> (v: T of kotlin.jvm.internal.<unsafe-coerce>): R of kotlin.jvm.internal.<unsafe-coerce> declared in kotlin.jvm.internal' type=kotlin.Result<kotlin.Any?> origin=null
                    <T>: kotlin.Any?
                    <R>: kotlin.Result<kotlin.Any?>
                    v: GET_FIELD 'FIELD FIELD_FOR_OBJECT_INSTANCE name:INSTANCE type:kotlin.Unit visibility:public [final,static] declared in kotlin.Unit' type=kotlin.Unit origin=null
          FIELD FIELD_FOR_CAPTURED_VALUE name:$lazyListState type:androidx.compose.foundation.lazy.LazyListState visibility:public/*package*/ [final]
          FIELD FIELD_FOR_CAPTURED_VALUE name:$chatState$delegate type:androidx.compose.runtime.State<com.zoup.android.chatextend.ChatViewModel.ChatState> visibility:public/*package*/ [final]
          FUN BRIDGE name:invoke visibility:public modality:OPEN <> ($this:com.zoup.android.chatextend.ChatScreenKt.ChatScreen.<no name provided>, p1:kotlin.Any?, p2:kotlin.Any?) returnType:kotlin.Any?
            $this: VALUE_PARAMETER INSTANCE_RECEIVER name:<this> type:com.zoup.android.chatextend.ChatScreenKt.ChatScreen.<no name provided>
            VALUE_PARAMETER BRIDGE name:p1 index:0 type:kotlin.Any?
            VALUE_PARAMETER BRIDGE name:p2 index:1 type:kotlin.Any?
            EXPRESSION_BODY
              RETURN type=kotlin.Nothing from='public open fun invoke (p1: kotlin.Any?, p2: kotlin.Any?): kotlin.Any? declared in com.zoup.android.chatextend.ChatScreenKt.ChatScreen.<no name provided>'
                CALL 'public final fun invoke (p1: kotlinx.coroutines.CoroutineScope, p2: kotlin.coroutines.Continuation<kotlin.Unit>?): kotlin.Any? declared in com.zoup.android.chatextend.ChatScreenKt.ChatScreen.<no name provided>' type=kotlin.Any? origin=BRIDGE_DELEGATION
                  $this: GET_VAR '<this>: com.zoup.android.chatextend.ChatScreenKt.ChatScreen.<no name provided> declared in com.zoup.android.chatextend.ChatScreenKt.ChatScreen.<no name provided>.invoke' type=com.zoup.android.chatextend.ChatScreenKt.ChatScreen.<no name provided> origin=null
                  p1: TYPE_OP type=kotlinx.coroutines.CoroutineScope origin=IMPLICIT_CAST typeOperand=kotlinx.coroutines.CoroutineScope
                    GET_VAR 'p1: kotlin.Any? declared in com.zoup.android.chatextend.ChatScreenKt.ChatScreen.<no name provided>.invoke' type=kotlin.Any? origin=null
                  p2: TYPE_OP type=kotlin.coroutines.Continuation<*> origin=IMPLICIT_CAST typeOperand=kotlin.coroutines.Continuation<*>
                    GET_VAR 'p2: kotlin.Any? declared in com.zoup.android.chatextend.ChatScreenKt.ChatScreen.<no name provided>.invoke' type=kotlin.Any? origin=null
        CONSTRUCTOR_CALL 'public/*package*/ constructor <init> ($lazyListState: androidx.compose.foundation.lazy.LazyListState, $chatState$delegate: androidx.compose.runtime.State<com.zoup.android.chatextend.ChatViewModel.ChatState>, $completion: kotlin.coroutines.Continuation<com.zoup.android.chatextend.ChatScreenKt.ChatScreen.<no name provided>>?) [primary] declared in com.zoup.android.chatextend.ChatScreenKt.ChatScreen.<no name provided>' type=com.zoup.android.chatextend.ChatScreenKt.ChatScreen.<no name provided> origin=null
          $lazyListState: GET_VAR 'val lazyListState: androidx.compose.foundation.lazy.LazyListState [val] declared in com.zoup.android.chatextend.ChatScreenKt.ChatScreen' type=androidx.compose.foundation.lazy.LazyListState origin=null
          $chatState$delegate: GET_VAR 'val chatState$delegate: androidx.compose.runtime.State<com.zoup.android.chatextend.ChatViewModel.ChatState> [val] declared in com.zoup.android.chatextend.ChatScreenKt.ChatScreen' type=androidx.compose.runtime.State<com.zoup.android.chatextend.ChatViewModel.ChatState> origin=null
          $completion: CONST Null type=kotlin.Nothing? value=null
    CALL 'public final fun Scaffold-QMVK-b8$default (modifier: androidx.compose.ui.Modifier?, topBar: @[Composable] kotlin.Function0<kotlin.Unit>?, bottomBar: @[Composable] kotlin.Function0<kotlin.Unit>?, snackbarHost: @[Composable] kotlin.Function0<kotlin.Unit>?, floatingActionButton: @[Composable] kotlin.Function0<kotlin.Unit>?, floatingActionButtonPosition: androidx.compose.material3.FabPosition, containerColor: androidx.compose.ui.graphics.Color, contentColor: androidx.compose.ui.graphics.Color, contentWindowInsets: androidx.compose.foundation.layout.WindowInsets?, content: @[Composable] kotlin.Function1<androidx.compose.foundation.layout.PaddingValues, kotlin.Unit>, $mask0: kotlin.Int, $handler: kotlin.Any?): kotlin.Unit declared in androidx.compose.material3.ScaffoldKt' type=kotlin.Unit origin=DEFAULT_DISPATCH_CALL
      modifier: GET_VAR 'modifier: androidx.compose.ui.Modifier declared in com.zoup.android.chatextend.ChatScreenKt.ChatScreen' type=androidx.compose.ui.Modifier origin=null
      topBar: BLOCK type=kotlin.Function0<kotlin.Unit> origin=LAMBDA
        COMPOSITE type=kotlin.Unit origin=null
        CALL 'public final fun <jvm-indy> <T> (dynamicCall: T of kotlin.jvm.internal.<jvm-indy>, bootstrapMethodHandle: kotlin.Any, vararg bootstrapMethodArguments: kotlin.Any): T of kotlin.jvm.internal.<jvm-indy> declared in kotlin.jvm.internal' type=kotlin.Function0<kotlin.Unit> origin=null
          <T>: kotlin.Function0<kotlin.Unit>
          dynamicCall: CALL 'public final fun invoke (): kotlin.Function0<kotlin.Unit> declared in kotlin.jvm.internal.invokeDynamic' type=kotlin.Function0<kotlin.Unit> origin=null
          bootstrapMethodHandle: CALL 'public final fun <jvm-method-handle> (tag: kotlin.Int, owner: kotlin.String, name: kotlin.String, descriptor: kotlin.String, isInterface: kotlin.Boolean): kotlin.Any declared in kotlin.jvm.internal' type=kotlin.Any origin=null
            tag: CONST Int type=kotlin.Int value=6
            owner: CONST String type=kotlin.String value="java/lang/invoke/LambdaMetafactory"
            name: CONST String type=kotlin.String value="metafactory"
            descriptor: CONST String type=kotlin.String value="(Ljava/lang/invoke/MethodHandles$Lookup;Ljava/lang/String;Ljava/lang/invoke/MethodType;Ljava/lang/invoke/MethodType;Ljava/lang/invoke/MethodHandle;Ljava/lang/invoke/MethodType;)Ljava/lang/invoke/CallSite;"
            isInterface: CONST Boolean type=kotlin.Boolean value=false
          bootstrapMethodArguments: VARARG type=kotlin.Array<kotlin.Any> varargElementType=kotlin.Any
            CALL 'public final fun <jvm-original-method-type> (method: kotlin.Any): kotlin.Any declared in kotlin.jvm.internal' type=kotlin.Any origin=null
              method: RAW_FUNCTION_REFERENCE 'public abstract fun invoke (): R of kotlin.Function0 [operator] declared in kotlin.Function0' type=kotlin.Any
            RAW_FUNCTION_REFERENCE 'private final fun ChatScreen$lambda$3 (): kotlin.Unit? declared in com.zoup.android.chatextend.ChatScreenKt' type=kotlin.Any
            CALL 'public final fun <jvm-original-method-type> (method: kotlin.Any): kotlin.Any declared in kotlin.jvm.internal' type=kotlin.Any origin=null
              method: RAW_FUNCTION_REFERENCE 'public abstract fun invoke (): kotlin.Unit? [fake_override,operator] declared in kotlin.jvm.internal.invokeDynamic.<fake>' type=kotlin.Any
      bottomBar: BLOCK type=kotlin.Function0<kotlin.Unit> origin=LAMBDA
        COMPOSITE type=kotlin.Unit origin=null
        CALL 'public final fun <jvm-indy> <T> (dynamicCall: T of kotlin.jvm.internal.<jvm-indy>, bootstrapMethodHandle: kotlin.Any, vararg bootstrapMethodArguments: kotlin.Any): T of kotlin.jvm.internal.<jvm-indy> declared in kotlin.jvm.internal' type=kotlin.Function0<kotlin.Unit> origin=null
          <T>: kotlin.Function0<kotlin.Unit>
          dynamicCall: CALL 'public final fun invoke (p0: com.zoup.android.chatextend.ChatViewModel): kotlin.Function0<kotlin.Unit> declared in kotlin.jvm.internal.invokeDynamic' type=kotlin.Function0<kotlin.Unit> origin=null
            p0: GET_VAR 'viewModel: com.zoup.android.chatextend.ChatViewModel declared in com.zoup.android.chatextend.ChatScreenKt.ChatScreen' type=com.zoup.android.chatextend.ChatViewModel origin=null
          bootstrapMethodHandle: CALL 'public final fun <jvm-method-handle> (tag: kotlin.Int, owner: kotlin.String, name: kotlin.String, descriptor: kotlin.String, isInterface: kotlin.Boolean): kotlin.Any declared in kotlin.jvm.internal' type=kotlin.Any origin=null
            tag: CONST Int type=kotlin.Int value=6
            owner: CONST String type=kotlin.String value="java/lang/invoke/LambdaMetafactory"
            name: CONST String type=kotlin.String value="metafactory"
            descriptor: CONST String type=kotlin.String value="(Ljava/lang/invoke/MethodHandles$Lookup;Ljava/lang/String;Ljava/lang/invoke/MethodType;Ljava/lang/invoke/MethodType;Ljava/lang/invoke/MethodHandle;Ljava/lang/invoke/MethodType;)Ljava/lang/invoke/CallSite;"
            isInterface: CONST Boolean type=kotlin.Boolean value=false
          bootstrapMethodArguments: VARARG type=kotlin.Array<kotlin.Any> varargElementType=kotlin.Any
            CALL 'public final fun <jvm-original-method-type> (method: kotlin.Any): kotlin.Any declared in kotlin.jvm.internal' type=kotlin.Any origin=null
              method: RAW_FUNCTION_REFERENCE 'public abstract fun invoke (): R of kotlin.Function0 [operator] declared in kotlin.Function0' type=kotlin.Any
            RAW_FUNCTION_REFERENCE 'private final fun ChatScreen$lambda$5 ($viewModel: com.zoup.android.chatextend.ChatViewModel): kotlin.Unit? declared in com.zoup.android.chatextend.ChatScreenKt' type=kotlin.Any
            CALL 'public final fun <jvm-original-method-type> (method: kotlin.Any): kotlin.Any declared in kotlin.jvm.internal' type=kotlin.Any origin=null
              method: RAW_FUNCTION_REFERENCE 'public abstract fun invoke (): kotlin.Unit? [fake_override,operator] declared in kotlin.jvm.internal.invokeDynamic.<fake>' type=kotlin.Any
      snackbarHost: COMPOSITE type=@[Composable] kotlin.Function0<kotlin.Unit>? origin=DEFAULT_VALUE
        CONST Null type=@[Composable] kotlin.Function0<kotlin.Unit>? value=null
      floatingActionButton: COMPOSITE type=@[Composable] kotlin.Function0<kotlin.Unit>? origin=DEFAULT_VALUE
        CONST Null type=@[Composable] kotlin.Function0<kotlin.Unit>? value=null
      floatingActionButtonPosition: COMPOSITE type=androidx.compose.material3.FabPosition origin=DEFAULT_VALUE
        CALL 'public final fun <unsafe-coerce> <T, R> (v: T of kotlin.jvm.internal.<unsafe-coerce>): R of kotlin.jvm.internal.<unsafe-coerce> declared in kotlin.jvm.internal' type=androidx.compose.material3.FabPosition origin=null
          <T>: kotlin.Int
          <R>: androidx.compose.material3.FabPosition
          v: CONST Int type=kotlin.Int value=0
      containerColor: COMPOSITE type=androidx.compose.ui.graphics.Color origin=DEFAULT_VALUE
        CALL 'public final fun <unsafe-coerce> <T, R> (v: T of kotlin.jvm.internal.<unsafe-coerce>): R of kotlin.jvm.internal.<unsafe-coerce> declared in kotlin.jvm.internal' type=androidx.compose.ui.graphics.Color origin=null
          <T>: kotlin.Long
          <R>: androidx.compose.ui.graphics.Color
          v: CONST Long type=kotlin.Long value=0
      contentColor: COMPOSITE type=androidx.compose.ui.graphics.Color origin=DEFAULT_VALUE
        CALL 'public final fun <unsafe-coerce> <T, R> (v: T of kotlin.jvm.internal.<unsafe-coerce>): R of kotlin.jvm.internal.<unsafe-coerce> declared in kotlin.jvm.internal' type=androidx.compose.ui.graphics.Color origin=null
          <T>: kotlin.Long
          <R>: androidx.compose.ui.graphics.Color
          v: CONST Long type=kotlin.Long value=0
      contentWindowInsets: COMPOSITE type=androidx.compose.foundation.layout.WindowInsets? origin=DEFAULT_VALUE
        CONST Null type=androidx.compose.foundation.layout.WindowInsets? value=null
      content: BLOCK type=kotlin.Function1<androidx.compose.foundation.layout.PaddingValues, kotlin.Unit> origin=LAMBDA
        COMPOSITE type=kotlin.Unit origin=null
        CALL 'public final fun <jvm-indy> <T> (dynamicCall: T of kotlin.jvm.internal.<jvm-indy>, bootstrapMethodHandle: kotlin.Any, vararg bootstrapMethodArguments: kotlin.Any): T of kotlin.jvm.internal.<jvm-indy> declared in kotlin.jvm.internal' type=kotlin.Function1<androidx.compose.foundation.layout.PaddingValues, kotlin.Unit> origin=null
          <T>: kotlin.Function1<androidx.compose.foundation.layout.PaddingValues, kotlin.Unit>
          dynamicCall: CALL 'public final fun invoke (p0: androidx.compose.foundation.lazy.LazyListState, p1: androidx.compose.runtime.State<com.zoup.android.chatextend.ChatViewModel.ChatState>, p2: io.noties.markwon.Markwon): kotlin.Function1<androidx.compose.foundation.layout.PaddingValues, kotlin.Unit> declared in kotlin.jvm.internal.invokeDynamic' type=kotlin.Function1<androidx.compose.foundation.layout.PaddingValues, kotlin.Unit> origin=null
            p0: GET_VAR 'val lazyListState: androidx.compose.foundation.lazy.LazyListState [val] declared in com.zoup.android.chatextend.ChatScreenKt.ChatScreen' type=androidx.compose.foundation.lazy.LazyListState origin=null
            p1: GET_VAR 'val chatState$delegate: androidx.compose.runtime.State<com.zoup.android.chatextend.ChatViewModel.ChatState> [val] declared in com.zoup.android.chatextend.ChatScreenKt.ChatScreen' type=androidx.compose.runtime.State<com.zoup.android.chatextend.ChatViewModel.ChatState> origin=null
            p2: GET_VAR 'val markwon: io.noties.markwon.Markwon [val] declared in com.zoup.android.chatextend.ChatScreenKt.ChatScreen' type=io.noties.markwon.Markwon origin=null
          bootstrapMethodHandle: CALL 'public final fun <jvm-method-handle> (tag: kotlin.Int, owner: kotlin.String, name: kotlin.String, descriptor: kotlin.String, isInterface: kotlin.Boolean): kotlin.Any declared in kotlin.jvm.internal' type=kotlin.Any origin=null
            tag: CONST Int type=kotlin.Int value=6
            owner: CONST String type=kotlin.String value="java/lang/invoke/LambdaMetafactory"
            name: CONST String type=kotlin.String value="metafactory"
            descriptor: CONST String type=kotlin.String value="(Ljava/lang/invoke/MethodHandles$Lookup;Ljava/lang/String;Ljava/lang/invoke/MethodType;Ljava/lang/invoke/MethodType;Ljava/lang/invoke/MethodHandle;Ljava/lang/invoke/MethodType;)Ljava/lang/invoke/CallSite;"
            isInterface: CONST Boolean type=kotlin.Boolean value=false
          bootstrapMethodArguments: VARARG type=kotlin.Array<kotlin.Any> varargElementType=kotlin.Any
            CALL 'public final fun <jvm-original-method-type> (method: kotlin.Any): kotlin.Any declared in kotlin.jvm.internal' type=kotlin.Any origin=null
              method: RAW_FUNCTION_REFERENCE 'public abstract fun invoke (p1: P1 of kotlin.Function1): R of kotlin.Function1 [operator] declared in kotlin.Function1' type=kotlin.Any
            RAW_FUNCTION_REFERENCE 'private final fun ChatScreen$lambda$9 ($lazyListState: androidx.compose.foundation.lazy.LazyListState, $chatState$delegate: androidx.compose.runtime.State<com.zoup.android.chatextend.ChatViewModel.ChatState>, $markwon: io.noties.markwon.Markwon, paddingValues: androidx.compose.foundation.layout.PaddingValues): kotlin.Unit? declared in com.zoup.android.chatextend.ChatScreenKt' type=kotlin.Any
            CALL 'public final fun <jvm-original-method-type> (method: kotlin.Any): kotlin.Any declared in kotlin.jvm.internal' type=kotlin.Any origin=null
              method: RAW_FUNCTION_REFERENCE 'public abstract fun invoke (p1: androidx.compose.foundation.layout.PaddingValues): kotlin.Unit? [fake_override,operator] declared in kotlin.jvm.internal.invokeDynamic.<fake>' type=kotlin.Any
      $mask0: CONST Int type=kotlin.Int value=504
      $handler: CONST Null type=kotlin.Any? value=null

	at org.jetbrains.kotlin.backend.jvm.codegen.FunctionCodegen.generate(FunctionCodegen.kt:47)
	at org.jetbrains.kotlin.backend.jvm.codegen.FunctionCodegen.generate$default(FunctionCodegen.kt:40)
	at org.jetbrains.kotlin.backend.jvm.codegen.ClassCodegen.generateMethodNode(ClassCodegen.kt:406)
	at org.jetbrains.kotlin.backend.jvm.codegen.ClassCodegen.generateMethod(ClassCodegen.kt:423)
	at org.jetbrains.kotlin.backend.jvm.codegen.ClassCodegen.generate(ClassCodegen.kt:168)
	at org.jetbrains.kotlin.backend.jvm.FileCodegen.lower(JvmPhases.kt:39)
	at org.jetbrains.kotlin.backend.common.phaser.PhaseFactoriesKt.createFilePhase$lambda$4(PhaseFactories.kt:71)
	at org.jetbrains.kotlin.backend.common.phaser.PhaseBuildersKt$createSimpleNamedCompilerPhase$1.phaseBody(PhaseBuilders.kt:69)
	at org.jetbrains.kotlin.backend.common.phaser.SimpleNamedCompilerPhase.phaseBody(CompilerPhase.kt:226)
	at org.jetbrains.kotlin.backend.common.phaser.AbstractNamedCompilerPhase.invoke(CompilerPhase.kt:113)
	at org.jetbrains.kotlin.backend.common.phaser.PerformByIrFilePhase.invokeSequential(performByIrFile.kt:62)
	... 44 more
Caused by: org.jetbrains.kotlin.codegen.CompilationException: Back-end (JVM) Internal error: Couldn't inline method call: CALL 'public final fun <get-current> (): T of androidx.compose.runtime.CompositionLocal [inline] declared in androidx.compose.runtime.CompositionLocal' type=android.content.Context origin=GET_PROPERTY
Method: null
File is unknown
The root cause java.lang.IllegalStateException was thrown at: org.jetbrains.kotlin.codegen.inline.SourceCompilerForInlineKt.getMethodNode(SourceCompilerForInline.kt:118)
	at org.jetbrains.kotlin.codegen.inline.InlineCodegen.performInline(InlineCodegen.kt:65)
	at org.jetbrains.kotlin.backend.jvm.codegen.IrInlineCodegen.genInlineCall(IrInlineCodegen.kt:163)
	at org.jetbrains.kotlin.backend.jvm.codegen.IrInlineCallGenerator.genCall(IrInlineCallGenerator.kt:36)
	at org.jetbrains.kotlin.backend.jvm.codegen.ExpressionCodegen.visitCall(ExpressionCodegen.kt:653)
	at org.jetbrains.kotlin.backend.jvm.codegen.ExpressionCodegen.visitCall(ExpressionCodegen.kt:138)
	at org.jetbrains.kotlin.ir.expressions.IrCall.accept(IrCall.kt:24)
	at org.jetbrains.kotlin.backend.jvm.codegen.ExpressionCodegen.visitVariable(ExpressionCodegen.kt:790)
	at org.jetbrains.kotlin.backend.jvm.codegen.ExpressionCodegen.visitVariable(ExpressionCodegen.kt:138)
	at org.jetbrains.kotlin.ir.declarations.IrVariable.accept(IrVariable.kt:36)
	at org.jetbrains.kotlin.backend.jvm.codegen.ExpressionCodegen.visitStatementContainer(ExpressionCodegen.kt:579)
	at org.jetbrains.kotlin.backend.jvm.codegen.ExpressionCodegen.visitBlockBody(ExpressionCodegen.kt:584)
	at org.jetbrains.kotlin.backend.jvm.codegen.ExpressionCodegen.visitBlockBody(ExpressionCodegen.kt:138)
	at org.jetbrains.kotlin.ir.expressions.IrBlockBody.accept(IrBlockBody.kt:20)
	at org.jetbrains.kotlin.backend.jvm.codegen.ExpressionCodegen.generate(ExpressionCodegen.kt:240)
	at org.jetbrains.kotlin.backend.jvm.codegen.FunctionCodegen.doGenerate(FunctionCodegen.kt:123)
	at org.jetbrains.kotlin.backend.jvm.codegen.FunctionCodegen.generate(FunctionCodegen.kt:44)
	... 54 more
Caused by: java.lang.IllegalStateException: couldn't find inline method Landroidx/compose/runtime/CompositionLocal;.getCurrent()Ljava/lang/Object;
	at org.jetbrains.kotlin.codegen.inline.SourceCompilerForInlineKt.getMethodNode(SourceCompilerForInline.kt:118)
	at org.jetbrains.kotlin.codegen.inline.SourceCompilerForInlineKt.loadCompiledInlineFunction(SourceCompilerForInline.kt:96)
	at org.jetbrains.kotlin.backend.jvm.codegen.IrSourceCompilerForInline.compileInlineFunction(IrSourceCompilerForInline.kt:91)
	at org.jetbrains.kotlin.codegen.inline.InlineCodegen.compileInline(InlineCodegen.kt:43)
	at org.jetbrains.kotlin.codegen.inline.InlineCodegen.performInline(InlineCodegen.kt:51)
	... 69 more


